<?xml version="1.0" encoding="UTF-8"?>
<coverage generated="1670254395364" clover="3.2.0">
  <project timestamp="1670254395364" name="All files">
    <metrics statements="17" coveredstatements="17" conditionals="12" coveredconditionals="12" methods="4" coveredmethods="4" elements="33" coveredelements="33" complexity="0" loc="17" ncloc="17" packages="1" files="1" classes="1"/>
    <file name="QuadraticEquation.vue" path="/Users/egorvdovenko/Repos/quadratic-equation/src/components/QuadraticEquation.vue">
      <metrics statements="17" coveredstatements="17" conditionals="12" coveredconditionals="12" methods="4" coveredmethods="4"/>
      <line num="4" count="1" type="stmt"/>
      <line num="7" count="1" type="stmt"/>
      <line num="8" count="1" type="stmt"/>
      <line num="79" count="1" type="stmt"/>
      <line num="81" count="1" type="stmt"/>
      <line num="84" count="1" type="stmt"/>
      <line num="85" count="1" type="stmt"/>
      <line num="86" count="1" type="stmt"/>
      <line num="89" count="1" type="stmt"/>
      <line num="92" count="1" type="stmt"/>
      <line num="95" count="1" type="stmt"/>
      <line num="98" count="1" type="stmt"/>
      <line num="102" count="28" type="stmt"/>
      <line num="106" count="7" type="cond" truecount="2" falsecount="0"/>
      <line num="111" count="7" type="cond" truecount="2" falsecount="0"/>
      <line num="116" count="7" type="cond" truecount="2" falsecount="0"/>
      <line num="118" count="1" type="stmt"/>
    </file>
  </project>
</coverage>
