{"/Users/egorvdovenko/Repos/quadratic-equation/src/components/QuadraticEquation.vue": {"path":"/Users/egorvdovenko/Repos/quadratic-equation/src/components/QuadraticEquation.vue","statementMap":{"0":{"start":{"line":4,"column":0},"end":{"line":6,"column":3}},"1":{"start":{"line":7,"column":0},"end":{"line":7,"column":25}},"2":{"start":{"line":8,"column":0},"end":{"line":8,"column":44}},"3":{"start":{"line":79,"column":0},"end":{"line":79,"column":13}},"4":{"start":{"line":81,"column":0},"end":{"line":83,"column":3}},"5":{"start":{"line":84,"column":0},"end":{"line":84,"column":24}},"6":{"start":{"line":85,"column":11},"end":{"line":85,"column":25}},"7":{"start":{"line":86,"column":19},"end":{"line":88,"column":1}},"8":{"start":{"line":89,"column":32},"end":{"line":91,"column":176}},"9":{"start":{"line":92,"column":32},"end":{"line":94,"column":29}},"10":{"start":{"line":95,"column":32},"end":{"line":97,"column":29}},"11":{"start":{"line":98,"column":19},"end":{"line":100,"column":1}},"12":{"start":{"line":102,"column":2},"end":{"line":117,"column":434}},"13":{"start":{"line":106,"column":63},"end":{"line":106,"column":78}},"14":{"start":{"line":111,"column":63},"end":{"line":111,"column":78}},"15":{"start":{"line":116,"column":63},"end":{"line":116,"column":78}},"16":{"start":{"line":118,"column":2},"end":{"line":118,"column":49}}},"fnMap":{"0":{"name":"render","decl":{"start":{"line":101,"column":9},"end":{"line":101,"column":15}},"loc":{"start":{"line":101,"column":30},"end":{"line":118,"column":1}},"line":101},"1":{"name":"(anonymous_1)","decl":{"start":{"line":106,"column":53},"end":{"line":106,"column":54}},"loc":{"start":{"line":106,"column":63},"end":{"line":106,"column":78}},"line":106},"2":{"name":"(anonymous_2)","decl":{"start":{"line":111,"column":53},"end":{"line":111,"column":54}},"loc":{"start":{"line":111,"column":63},"end":{"line":111,"column":78}},"line":111},"3":{"name":"(anonymous_3)","decl":{"start":{"line":116,"column":53},"end":{"line":116,"column":54}},"loc":{"start":{"line":116,"column":63},"end":{"line":116,"column":78}},"line":116}},"branchMap":{"0":{"loc":{"start":{"line":106,"column":27},"end":{"line":106,"column":79}},"type":"binary-expr","locations":[{"start":{"line":106,"column":27},"end":{"line":106,"column":36}},{"start":{"line":106,"column":41},"end":{"line":106,"column":78}}],"line":106},"1":{"loc":{"start":{"line":111,"column":27},"end":{"line":111,"column":79}},"type":"binary-expr","locations":[{"start":{"line":111,"column":27},"end":{"line":111,"column":36}},{"start":{"line":111,"column":41},"end":{"line":111,"column":78}}],"line":111},"2":{"loc":{"start":{"line":116,"column":27},"end":{"line":116,"column":79}},"type":"binary-expr","locations":[{"start":{"line":116,"column":27},"end":{"line":116,"column":36}},{"start":{"line":116,"column":41},"end":{"line":116,"column":78}}],"line":116},"3":{"loc":{"start":{"line":117,"column":204},"end":{"line":117,"column":241}},"type":"cond-expr","locations":[{"start":{"line":117,"column":229},"end":{"line":117,"column":235}},{"start":{"line":117,"column":238},"end":{"line":117,"column":241}}],"line":117},"4":{"loc":{"start":{"line":117,"column":204},"end":{"line":117,"column":226}},"type":"binary-expr","locations":[{"start":{"line":117,"column":204},"end":{"line":117,"column":210}},{"start":{"line":117,"column":214},"end":{"line":117,"column":226}}],"line":117},"5":{"loc":{"start":{"line":117,"column":340},"end":{"line":117,"column":387}},"type":"cond-expr","locations":[{"start":{"line":117,"column":360},"end":{"line":117,"column":381}},{"start":{"line":117,"column":384},"end":{"line":117,"column":387}}],"line":117}},"s":{"0":1,"1":1,"2":1,"3":1,"4":1,"5":1,"6":1,"7":1,"8":1,"9":1,"10":1,"11":1,"12":32,"13":8,"14":8,"15":8,"16":1},"f":{"0":32,"1":8,"2":8,"3":8},"b":{"0":[32,8],"1":[32,8],"2":[32,8],"3":[21,11],"4":[32,23],"5":[19,13]},"inputSourceMap":{"0":"{","1":"\"","2":"v","3":"e","4":"r","5":"s","6":"i","7":"o","8":"n","9":"\"","10":":","11":"3","12":",","13":"\"","14":"s","15":"o","16":"u","17":"r","18":"c","19":"e","20":"s","21":"\"","22":":","23":"[","24":"\"","25":"/","26":"U","27":"s","28":"e","29":"r","30":"s","31":"/","32":"e","33":"g","34":"o","35":"r","36":"v","37":"d","38":"o","39":"v","40":"e","41":"n","42":"k","43":"o","44":"/","45":"R","46":"e","47":"p","48":"o","49":"s","50":"/","51":"q","52":"u","53":"a","54":"d","55":"r","56":"a","57":"t","58":"i","59":"c","60":"-","61":"e","62":"q","63":"u","64":"a","65":"t","66":"i","67":"o","68":"n","69":"/","70":"s","71":"r","72":"c","73":"/","74":"c","75":"o","76":"m","77":"p","78":"o","79":"n","80":"e","81":"n","82":"t","83":"s","84":"/","85":"Q","86":"u","87":"a","88":"d","89":"r","90":"a","91":"t","92":"i","93":"c","94":"E","95":"q","96":"u","97":"a","98":"t","99":"i","100":"o","101":"n","102":".","103":"v","104":"u","105":"e","106":"\"","107":"]","108":",","109":"\"","110":"n","111":"a","112":"m","113":"e","114":"s","115":"\"","116":":","117":"[","118":"]","119":",","120":"\"","121":"m","122":"a","123":"p","124":"p","125":"i","126":"n","127":"g","128":"s","129":"\"","130":":","131":"\"","132":";","133":";","134":";","135":";","136":";","137":";","138":";","139":";","140":"A","141":"A","142":"o","143":"B","144":"A","145":";","146":"A","147":"A","148":"A","149":"A","150":";","151":"A","152":"A","153":"A","154":"A","155":";","156":"A","157":"A","158":"A","159":"m","160":"C","161":";","162":"A","163":"A","164":"A","165":"A","166":",","167":"e","168":"A","169":"E","170":"p","171":"B","172":";","173":"E","174":"A","175":"C","176":"b","177":",","178":"K","179":"A","180":"A","181":"K","182":",","183":"G","184":"A","185":"A","186":"G","187":";","188":"I","189":"A","190":"C","191":"R","192":",","193":"M","194":"A","195":"A","196":"M","197":",","198":"C","199":"A","200":"A","201":"C","202":";","203":"I","204":"A","205":"A","206":"G","207":";","208":"I","209":"A","210":"A","211":"A","212":";","213":"I","214":"A","215":"A","216":"A","217":";","218":"I","219":"A","220":"A","221":"A","222":";","223":"I","224":"A","225":"A","226":"A","227":";","228":"I","229":"A","230":"A","231":"A","232":",","233":"G","234":"A","235":"A","236":"G","237":",","238":"E","239":"A","240":"A","241":"C","242":",","243":"I","244":"A","245":"A","246":"I","247":",","248":"C","249":"A","250":"A","251":"C","252":";","253":"I","254":"A","255":"C","256":"n","257":"B","258":",","259":"M","260":"A","261":"A","262":"M","263":",","264":"C","265":"A","266":"A","267":"C","268":";","269":"I","270":"A","271":"A","272":"G","273":";","274":"I","275":"A","276":"A","277":"A","278":";","279":"I","280":"A","281":"A","282":"A","283":";","284":"I","285":"A","286":"A","287":"A","288":";","289":"I","290":"A","291":"A","292":"A","293":";","294":"I","295":"A","296":"A","297":"A","298":",","299":"G","300":"A","301":"A","302":"G","303":",","304":"E","305":"A","306":"A","307":"C","308":",","309":"I","310":"A","311":"A","312":"I","313":",","314":"C","315":"A","316":"A","317":"C","318":";","319":"I","320":"A","321":"C","322":"n","323":"B","324":",","325":"M","326":"A","327":"A","328":"M","329":",","330":"C","331":"A","332":"A","333":"C","334":";","335":"I","336":"A","337":"A","338":"G","339":";","340":"I","341":"A","342":"A","343":"A","344":";","345":"I","346":"A","347":"A","348":"A","349":";","350":"I","351":"A","352":"A","353":"A","354":";","355":"I","356":"A","357":"A","358":"A","359":";","360":"I","361":"A","362":"A","363":"A","364":",","365":"G","366":"A","367":"A","368":"G","369":",","370":"E","371":"A","372":"A","373":"C","374":",","375":"I","376":"A","377":"A","378":"I","379":",","380":"C","381":"A","382":"A","383":"C","384":";","385":"I","386":"A","387":"E","388":"n","389":"B","390":",","391":"M","392":"A","393":"A","394":"M","395":",","396":"C","397":"A","398":"A","399":"C","400":";","401":"I","402":"A","403":"A","404":"G","405":";","406":"I","407":"A","408":"A","409":"A","410":";","411":"I","412":"A","413":"A","414":"A","415":";","416":"I","417":"A","418":"A","419":"A","420":";","421":"I","422":"A","423":"A","424":"A","425":";","426":"I","427":"A","428":"A","429":"A","430":",","431":"Q","432":"A","433":"A","434":"Q","435":",","436":"E","437":"A","438":"A","439":"C","440":",","441":"M","442":"A","443":"A","444":"M","445":";","446":"M","447":"A","448":"C","449":"x","450":"B","451":",","452":"I","453":"A","454":"A","455":"I","456":",","457":"C","458":"A","459":"A","460":"C","461":",","462":"C","463":"A","464":"A","465":"C","466":",","467":"C","468":"A","469":"A","470":"C","471":",","472":"K","473":"A","474":"A","475":"K","476":",","477":"E","478":"A","479":"A","480":"E","481":";","482":"Q","483":"A","484":"C","485":"b","486":";","487":"M","488":"A","489":"C","490":"D","491":",","492":"C","493":"A","494":"A","495":"C","496":",","497":"M","498":"A","499":"A","500":"M","501":";","502":"Q","503":"A","504":"C","505":"N","506":",","507":"O","508":"A","509":"A","510":"O","511":",","512":"C","513":"A","514":"A","515":"C","516":",","517":"C","518":"A","519":"A","520":"C","521":",","522":"K","523":"A","524":"A","525":"K","526":",","527":"G","528":"A","529":"A","530":"G","531":",","532":"C","533":"A","534":"A","535":"C","536":",","537":"C","538":"A","539":"A","540":"C","541":",","542":"K","543":"A","544":"A","545":"K","546":",","547":"G","548":"A","549":"A","550":"G","551":",","552":"C","553":"A","554":"A","555":"C","556":",","557":"G","558":"A","559":"A","560":"G","561":",","562":"C","563":"A","564":"A","565":"C","566":",","567":"C","568":"A","569":"A","570":"C","571":",","572":"K","573":"A","574":"A","575":"K","576":",","577":"G","578":"A","579":"A","580":"G","581":",","582":"C","583":"A","584":"A","585":"C","586":",","587":"C","588":"A","589":"A","590":"C","591":",","592":"K","593":"A","594":"A","595":"K","596":";","597":"M","598":"A","599":"C","600":"j","601":"D","602":";","603":"I","604":"A","605":"C","606":"D","607":",","608":"C","609":"A","610":"A","611":"C","612":",","613":"C","614":"A","615":"A","616":"C","617":";","618":"I","619":"A","620":"E","621":"F","622":",","623":"M","624":"A","625":"A","626":"M","627":",","628":"K","629":"A","630":"A","631":"K","632":";","633":"I","634":"A","635":"A","636":"G","637":";","638":"I","639":"A","640":"A","641":"A","642":";","643":"I","644":"A","645":"A","646":"A","647":";","648":"I","649":"A","650":"A","651":"A","652":";","653":"I","654":"A","655":"A","656":"A","657":";","658":"I","659":"A","660":"A","661":"A","662":",","663":"Q","664":"A","665":"A","666":"Q","667":",","668":"E","669":"A","670":"A","671":"C","672":",","673":"M","674":"A","675":"A","676":"M","677":";","678":"M","679":"A","680":"C","681":"5","682":"B","683":",","684":"I","685":"A","686":"A","687":"I","688":",","689":"K","690":"A","691":"A","692":"K","693":",","694":"G","695":"A","696":"A","697":"G","698":",","699":"E","700":"A","701":"A","702":"E","703":";","704":"M","705":"A","706":"E","707":"d","708":",","709":"I","710":"A","711":"A","712":"I","713":",","714":"C","715":"A","716":"A","717":"C","718":",","719":"C","720":"A","721":"A","722":"C","723":",","724":"K","725":"A","726":"A","727":"K","728":",","729":"K","730":"A","731":"A","732":"K","733":",","734":"C","735":"A","736":"A","737":"C","738":",","739":"I","740":"A","741":"A","742":"I","743":",","744":"C","745":"A","746":"A","747":"C","748":",","749":"C","750":"A","751":"A","752":"C","753":",","754":"K","755":"A","756":"A","757":"K","758":",","759":"G","760":"A","761":"A","762":"G","763":",","764":"C","765":"A","766":"A","767":"C","768":",","769":"E","770":"A","771":"A","772":"E","773":";","774":"Q","775":"A","776":"C","777":"j","778":"C","779":",","780":"O","781":"A","782":"A","783":"O","784":",","785":"K","786":"A","787":"A","788":"K","789":";","790":"M","791":"A","792":"C","793":"b","794":";","795":"M","796":"A","797":"E","798":"A","799":",","800":"I","801":"A","802":"A","803":"I","804":",","805":"C","806":"A","807":"A","808":"C","809":",","810":"C","811":"A","812":"A","813":"C","814":",","815":"K","816":"A","817":"A","818":"K","819":",","820":"K","821":"A","822":"A","823":"K","824":",","825":"C","826":"A","827":"A","828":"C","829":",","830":"E","831":"A","832":"A","833":"E","834":";","835":"Q","836":"A","837":"C","838":"d","839":",","840":"K","841":"A","842":"A","843":"K","844":",","845":"C","846":"A","847":"A","848":"C","849":",","850":"I","851":"A","852":"A","853":"I","854":",","855":"C","856":"A","857":"A","858":"C","859":",","860":"C","861":"A","862":"A","863":"C","864":",","865":"C","866":"A","867":"A","868":"C","869":",","870":"C","871":"A","872":"A","873":"C","874":",","875":"C","876":"A","877":"A","878":"C","879":",","880":"K","881":"A","882":"A","883":"K","884":",","885":"G","886":"A","887":"A","888":"G","889":",","890":"I","891":"A","892":"A","893":"I","894":",","895":"C","896":"A","897":"A","898":"C","899":",","900":"I","901":"A","902":"A","903":"I","904":",","905":"C","906":"A","907":"A","908":"C","909":",","910":"C","911":"A","912":"A","913":"C","914":",","915":"C","916":"A","917":"A","918":"C","919":",","920":"K","921":"A","922":"A","923":"K","924":",","925":"C","926":"A","927":"A","928":"C","929":",","930":"K","931":"A","932":"A","933":"K","934":",","935":"C","936":"A","937":"A","938":"C","939":",","940":"G","941":"A","942":"A","943":"G","944":",","945":"C","946":"A","947":"A","948":"C","949":",","950":"C","951":"A","952":"A","953":"C","954":",","955":"K","956":"A","957":"A","958":"K","959":",","960":"C","961":"A","962":"A","963":"C","964":",","965":"C","966":"A","967":"A","968":"C","969":";","970":"M","971":"A","972":"C","973":"h","974":"E","975":",","976":"C","977":"A","978":"A","979":"C","980":",","981":"M","982":"A","983":"A","984":"M","985":",","986":"I","987":"A","988":"A","989":"I","990":",","991":"C","992":"A","993":"A","994":"C","995":",","996":"C","997":"A","998":"A","999":"C","1000":",","1001":"K","1002":"A","1003":"A","1004":"K","1005":",","1006":"G","1007":"A","1008":"A","1009":"G","1010":",","1011":"C","1012":"A","1013":"A","1014":"C","1015":",","1016":"E","1017":"A","1018":"A","1019":"E","1020":";","1021":"Q","1022":"A","1023":"C","1024":"n","1025":"B","1026":",","1027":"K","1028":"A","1029":"A","1030":"K","1031":",","1032":"C","1033":"A","1034":"A","1035":"C","1036":",","1037":"I","1038":"A","1039":"A","1040":"I","1041":",","1042":"C","1043":"A","1044":"A","1045":"C","1046":",","1047":"C","1048":"A","1049":"A","1050":"C","1051":",","1052":"C","1053":"A","1054":"A","1055":"C","1056":",","1057":"C","1058":"A","1059":"A","1060":"C","1061":",","1062":"C","1063":"A","1064":"A","1065":"C","1066":",","1067":"K","1068":"A","1069":"A","1070":"K","1071":",","1072":"G","1073":"A","1074":"A","1075":"G","1076":",","1077":"I","1078":"A","1079":"A","1080":"I","1081":",","1082":"C","1083":"A","1084":"A","1085":"C","1086":",","1087":"I","1088":"A","1089":"A","1090":"I","1091":",","1092":"C","1093":"A","1094":"A","1095":"C","1096":",","1097":"C","1098":"A","1099":"A","1100":"C","1101":",","1102":"C","1103":"A","1104":"A","1105":"C","1106":",","1107":"K","1108":"A","1109":"A","1110":"K","1111":",","1112":"C","1113":"A","1114":"A","1115":"C","1116":",","1117":"K","1118":"A","1119":"A","1120":"K","1121":",","1122":"C","1123":"A","1124":"A","1125":"C","1126":",","1127":"G","1128":"A","1129":"A","1130":"G","1131":",","1132":"C","1133":"A","1134":"A","1135":"C","1136":",","1137":"C","1138":"A","1139":"A","1140":"C","1141":",","1142":"K","1143":"A","1144":"A","1145":"K","1146":",","1147":"C","1148":"A","1149":"A","1150":"C","1151":",","1152":"C","1153":"A","1154":"A","1155":"C","1156":";","1157":"Q","1158":"A","1159":"C","1160":"3","1161":"D","1162":",","1163":"K","1164":"A","1165":"A","1166":"K","1167":",","1168":"C","1169":"A","1170":"A","1171":"C","1172":",","1173":"I","1174":"A","1175":"A","1176":"I","1177":",","1178":"C","1179":"A","1180":"A","1181":"C","1182":",","1183":"C","1184":"A","1185":"A","1186":"C","1187":",","1188":"C","1189":"A","1190":"A","1191":"C","1192":",","1193":"C","1194":"A","1195":"A","1196":"C","1197":",","1198":"C","1199":"A","1200":"A","1201":"C","1202":",","1203":"K","1204":"A","1205":"A","1206":"K","1207":",","1208":"G","1209":"A","1210":"A","1211":"G","1212":",","1213":"I","1214":"A","1215":"A","1216":"I","1217":",","1218":"C","1219":"A","1220":"A","1221":"C","1222":",","1223":"I","1224":"A","1225":"A","1226":"I","1227":",","1228":"C","1229":"A","1230":"A","1231":"C","1232":",","1233":"C","1234":"A","1235":"A","1236":"C","1237":",","1238":"C","1239":"A","1240":"A","1241":"C","1242":",","1243":"K","1244":"A","1245":"A","1246":"K","1247":",","1248":"C","1249":"A","1250":"A","1251":"C","1252":",","1253":"K","1254":"A","1255":"A","1256":"K","1257":",","1258":"C","1259":"A","1260":"A","1261":"C","1262":",","1263":"G","1264":"A","1265":"A","1266":"G","1267":",","1268":"C","1269":"A","1270":"A","1271":"C","1272":",","1273":"C","1274":"A","1275":"A","1276":"C","1277":",","1278":"K","1279":"A","1280":"A","1281":"K","1282":",","1283":"C","1284":"A","1285":"A","1286":"C","1287":",","1288":"C","1289":"A","1290":"A","1291":"C","1292":";","1293":"M","1294":"A","1295":"C","1296":"h","1297":"E","1298":";","1299":"M","1300":"A","1301":"E","1302":"A","1303":",","1304":"O","1305":"A","1306":"A","1307":"O","1308":",","1309":"K","1310":"A","1311":"A","1312":"K","1313":";","1314":"I","1315":"A","1316":"C","1317":"b","1318":",","1319":"C","1320":"A","1321":"A","1322":"C","1323":",","1324":"C","1325":"A","1326":"A","1327":"C","1328":";","1329":"I","1330":"A","1331":"E","1332":"F","1333":",","1334":"O","1335":"A","1336":"A","1337":"O","1338":";","1339":"M","1340":"A","1341":"C","1342":"N","1343":",","1344":"C","1345":"A","1346":"A","1347":"C","1348":";","1349":"M","1350":"A","1351":"C","1352":"D","1353":",","1354":"C","1355":"A","1356":"A","1357":"C","1358":";","1359":"M","1360":"A","1361":"C","1362":"D","1363":",","1364":"C","1365":"A","1366":"A","1367":"C","1368":";","1369":"M","1370":"A","1371":"C","1372":"D","1373":",","1374":"C","1375":"A","1376":"A","1377":"C","1378":";","1379":"M","1380":"A","1381":"C","1382":"D","1383":";","1384":"I","1385":"A","1386":"C","1387":"D","1388":",","1389":"C","1390":"A","1391":"A","1392":"C","1393":";","1394":"E","1395":"A","1396":"C","1397":"D","1398":";","1399":"A","1400":"A","1401":"C","1402":"F","1403":",","1404":"C","1405":"A","1406":"A","1407":"C","1408":";","1409":"A","1410":"A","1411":"A","1412":"A","1413":";","1414":"A","1415":"A","1416":"A","1417":"A","1418":"\"","1419":",","1420":"\"","1421":"f","1422":"i","1423":"l","1424":"e","1425":"\"","1426":":","1427":"\"","1428":"/","1429":"U","1430":"s","1431":"e","1432":"r","1433":"s","1434":"/","1435":"e","1436":"g","1437":"o","1438":"r","1439":"v","1440":"d","1441":"o","1442":"v","1443":"e","1444":"n","1445":"k","1446":"o","1447":"/","1448":"R","1449":"e","1450":"p","1451":"o","1452":"s","1453":"/","1454":"q","1455":"u","1456":"a","1457":"d","1458":"r","1459":"a","1460":"t","1461":"i","1462":"c","1463":"-","1464":"e","1465":"q","1466":"u","1467":"a","1468":"t","1469":"i","1470":"o","1471":"n","1472":"/","1473":"s","1474":"r","1475":"c","1476":"/","1477":"c","1478":"o","1479":"m","1480":"p","1481":"o","1482":"n","1483":"e","1484":"n","1485":"t","1486":"s","1487":"/","1488":"Q","1489":"u","1490":"a","1491":"d","1492":"r","1493":"a","1494":"t","1495":"i","1496":"c","1497":"E","1498":"q","1499":"u","1500":"a","1501":"t","1502":"i","1503":"o","1504":"n","1505":".","1506":"v","1507":"u","1508":"e","1509":"\"","1510":",","1511":"\"","1512":"s","1513":"o","1514":"u","1515":"r","1516":"c","1517":"e","1518":"s","1519":"C","1520":"o","1521":"n","1522":"t","1523":"e","1524":"n","1525":"t","1526":"\"","1527":":","1528":"[","1529":"\"","1530":"<","1531":"t","1532":"e","1533":"m","1534":"p","1535":"l","1536":"a","1537":"t","1538":"e","1539":">","1540":"\\","1541":"n","1542":" ","1543":" ","1544":"<","1545":"f","1546":"o","1547":"r","1548":"m","1549":" ","1550":"c","1551":"l","1552":"a","1553":"s","1554":"s","1555":"=","1556":"\\","1557":"\"","1558":"e","1559":"q","1560":"u","1561":"a","1562":"t","1563":"i","1564":"o","1565":"n","1566":"-","1567":"f","1568":"o","1569":"r","1570":"m","1571":"\\","1572":"\"","1573":">","1574":"\\","1575":"n","1576":" ","1577":" ","1578":" ","1579":" ","1580":"<","1581":"i","1582":"n","1583":"p","1584":"u","1585":"t","1586":" ","1587":"c","1588":"l","1589":"a","1590":"s","1591":"s","1592":"=","1593":"\\","1594":"\"","1595":"e","1596":"q","1597":"u","1598":"a","1599":"t","1600":"i","1601":"o","1602":"n","1603":"-","1604":"f","1605":"o","1606":"r","1607":"m","1608":"_","1609":"_","1610":"i","1611":"n","1612":"p","1613":"u","1614":"t","1615":"\\","1616":"\"","1617":" ","1618":"t","1619":"y","1620":"p","1621":"e","1622":"=","1623":"\\","1624":"\"","1625":"n","1626":"u","1627":"m","1628":"b","1629":"e","1630":"r","1631":"\\","1632":"\"","1633":" ","1634":"n","1635":"a","1636":"m","1637":"e","1638":"=","1639":"\\","1640":"\"","1641":"a","1642":"\\","1643":"\"","1644":" ","1645":"v","1646":"-","1647":"m","1648":"o","1649":"d","1650":"e","1651":"l","1652":"=","1653":"\\","1654":"\"","1655":"a","1656":"\\","1657":"\"","1658":">","1659":"\\","1660":"n","1661":"\\","1662":"t","1663":"\\","1664":"t","1665":"<","1666":"s","1667":"p","1668":"a","1669":"n","1670":" ","1671":"c","1672":"l","1673":"a","1674":"s","1675":"s","1676":"=","1677":"\\","1678":"\"","1679":"e","1680":"q","1681":"u","1682":"a","1683":"t","1684":"i","1685":"o","1686":"n","1687":"-","1688":"f","1689":"o","1690":"r","1691":"m","1692":"_","1693":"_","1694":"l","1695":"a","1696":"b","1697":"e","1698":"l","1699":"\\","1700":"\"","1701":">","1702":" ","1703":"x","1704":"<","1705":"s","1706":"u","1707":"p","1708":">","1709":"2","1710":"<","1711":"/","1712":"s","1713":"u","1714":"p","1715":">","1716":" ","1717":"+","1718":" ","1719":"<","1720":"/","1721":"s","1722":"p","1723":"a","1724":"n","1725":">","1726":"\\","1727":"n","1728":" ","1729":" ","1730":" ","1731":" ","1732":"<","1733":"i","1734":"n","1735":"p","1736":"u","1737":"t","1738":" ","1739":"c","1740":"l","1741":"a","1742":"s","1743":"s","1744":"=","1745":"\\","1746":"\"","1747":"e","1748":"q","1749":"u","1750":"a","1751":"t","1752":"i","1753":"o","1754":"n","1755":"-","1756":"f","1757":"o","1758":"r","1759":"m","1760":"_","1761":"_","1762":"i","1763":"n","1764":"p","1765":"u","1766":"t","1767":"\\","1768":"\"","1769":" ","1770":"t","1771":"y","1772":"p","1773":"e","1774":"=","1775":"\\","1776":"\"","1777":"n","1778":"u","1779":"m","1780":"b","1781":"e","1782":"r","1783":"\\","1784":"\"","1785":" ","1786":"n","1787":"a","1788":"m","1789":"e","1790":"=","1791":"\\","1792":"\"","1793":"b","1794":"\\","1795":"\"","1796":" ","1797":"v","1798":"-","1799":"m","1800":"o","1801":"d","1802":"e","1803":"l","1804":"=","1805":"\\","1806":"\"","1807":"b","1808":"\\","1809":"\"","1810":">","1811":"\\","1812":"n","1813":"\\","1814":"t","1815":"\\","1816":"t","1817":"<","1818":"s","1819":"p","1820":"a","1821":"n","1822":" ","1823":"c","1824":"l","1825":"a","1826":"s","1827":"s","1828":"=","1829":"\\","1830":"\"","1831":"e","1832":"q","1833":"u","1834":"a","1835":"t","1836":"i","1837":"o","1838":"n","1839":"-","1840":"f","1841":"o","1842":"r","1843":"m","1844":"_","1845":"_","1846":"l","1847":"a","1848":"b","1849":"e","1850":"l","1851":"\\","1852":"\"","1853":">","1854":" ","1855":"x","1856":" ","1857":"+","1858":" ","1859":"<","1860":"/","1861":"s","1862":"p","1863":"a","1864":"n","1865":">","1866":"\\","1867":"n","1868":" ","1869":" ","1870":" ","1871":" ","1872":"<","1873":"i","1874":"n","1875":"p","1876":"u","1877":"t","1878":" ","1879":"c","1880":"l","1881":"a","1882":"s","1883":"s","1884":"=","1885":"\\","1886":"\"","1887":"e","1888":"q","1889":"u","1890":"a","1891":"t","1892":"i","1893":"o","1894":"n","1895":"-","1896":"f","1897":"o","1898":"r","1899":"m","1900":"_","1901":"_","1902":"i","1903":"n","1904":"p","1905":"u","1906":"t","1907":"\\","1908":"\"","1909":" ","1910":"t","1911":"y","1912":"p","1913":"e","1914":"=","1915":"\\","1916":"\"","1917":"n","1918":"u","1919":"m","1920":"b","1921":"e","1922":"r","1923":"\\","1924":"\"","1925":" ","1926":"n","1927":"a","1928":"m","1929":"e","1930":"=","1931":"\\","1932":"\"","1933":"c","1934":"\\","1935":"\"","1936":" ","1937":"v","1938":"-","1939":"m","1940":"o","1941":"d","1942":"e","1943":"l","1944":"=","1945":"\\","1946":"\"","1947":"c","1948":"\\","1949":"\"","1950":">","1951":"\\","1952":"n","1953":"\\","1954":"t","1955":"\\","1956":"t","1957":"<","1958":"s","1959":"p","1960":"a","1961":"n","1962":" ","1963":"c","1964":"l","1965":"a","1966":"s","1967":"s","1968":"=","1969":"\\","1970":"\"","1971":"e","1972":"q","1973":"u","1974":"a","1975":"t","1976":"i","1977":"o","1978":"n","1979":"-","1980":"f","1981":"o","1982":"r","1983":"m","1984":"_","1985":"_","1986":"l","1987":"a","1988":"b","1989":"e","1990":"l","1991":"\\","1992":"\"","1993":">","1994":" ","1995":"=","1996":" ","1997":"0","1998":" ","1999":"<","2000":"/","2001":"s","2002":"p","2003":"a","2004":"n","2005":">","2006":"\\","2007":"n","2008":" ","2009":" ","2010":"<","2011":"/","2012":"f","2013":"o","2014":"r","2015":"m","2016":">","2017":"\\","2018":"n","2019":"\\","2020":"t","2021":"<","2022":"d","2023":"i","2024":"v","2025":" ","2026":"c","2027":"l","2028":"a","2029":"s","2030":"s","2031":"=","2032":"\\","2033":"\"","2034":"e","2035":"q","2036":"u","2037":"a","2038":"t","2039":"i","2040":"o","2041":"n","2042":"-","2043":"r","2044":"e","2045":"s","2046":"u","2047":"l","2048":"t","2049":"s","2050":"\\","2051":"\"","2052":">","2053":"\\","2054":"n","2055":"\\","2056":"t","2057":"\\","2058":"t","2059":"<","2060":"d","2061":"i","2062":"v","2063":">","2064":"\\","2065":"n","2066":"\\","2067":"t","2068":"\\","2069":"t","2070":"\\","2071":"t","2072":"D","2073":":","2074":" ","2075":"{","2076":"{","2077":" ","2078":"D","2079":" ","2080":"|","2081":"|","2082":" ","2083":"D","2084":" ","2085":"=","2086":"=","2087":"=","2088":" ","2089":"0","2090":" ","2091":"?","2092":" ","2093":"D","2094":" ","2095":":","2096":" ","2097":"'","2098":"_","2099":"'","2100":" ","2101":"}","2102":"}","2103":"\\","2104":"n","2105":"\\","2106":"t","2107":"\\","2108":"t","2109":"<","2110":"/","2111":"d","2112":"i","2113":"v","2114":">","2115":"\\","2116":"n","2117":"\\","2118":"t","2119":"\\","2120":"t","2121":"<","2122":"d","2123":"i","2124":"v","2125":">","2126":"\\","2127":"n","2128":"\\","2129":"t","2130":"\\","2131":"t","2132":"\\","2133":"t","2134":"R","2135":"O","2136":"O","2137":"T","2138":"S","2139":":","2140":" ","2141":"{","2142":"{","2143":" ","2144":"r","2145":"o","2146":"o","2147":"t","2148":"s","2149":".","2150":"l","2151":"e","2152":"n","2153":"g","2154":"t","2155":"h","2156":" ","2157":"?","2158":" ","2159":"r","2160":"o","2161":"o","2162":"t","2163":"s","2164":".","2165":"j","2166":"o","2167":"i","2168":"n","2169":"(","2170":"'","2171":";","2172":" ","2173":"'","2174":")","2175":" ","2176":":","2177":" ","2178":"'","2179":"_","2180":"'","2181":" ","2182":"}","2183":"}","2184":"\\","2185":"n","2186":"\\","2187":"t","2188":"\\","2189":"t","2190":"<","2191":"/","2192":"d","2193":"i","2194":"v","2195":">","2196":"\\","2197":"n","2198":"\\","2199":"t","2200":"<","2201":"/","2202":"d","2203":"i","2204":"v","2205":">","2206":"\\","2207":"n","2208":"<","2209":"/","2210":"t","2211":"e","2212":"m","2213":"p","2214":"l","2215":"a","2216":"t","2217":"e","2218":">","2219":"\\","2220":"n","2221":"\\","2222":"n","2223":"<","2224":"s","2225":"c","2226":"r","2227":"i","2228":"p","2229":"t","2230":">","2231":"\\","2232":"n","2233":"i","2234":"m","2235":"p","2236":"o","2237":"r","2238":"t","2239":" ","2240":"{","2241":" ","2242":"c","2243":"o","2244":"m","2245":"p","2246":"u","2247":"t","2248":"e","2249":"d","2250":",","2251":" ","2252":"r","2253":"e","2254":"f","2255":" ","2256":"}","2257":" ","2258":"f","2259":"r","2260":"o","2261":"m","2262":" ","2263":"'","2264":"v","2265":"u","2266":"e","2267":"'","2268":"\\","2269":"n","2270":"\\","2271":"n","2272":"e","2273":"x","2274":"p","2275":"o","2276":"r","2277":"t","2278":" ","2279":"d","2280":"e","2281":"f","2282":"a","2283":"u","2284":"l","2285":"t","2286":" ","2287":"{","2288":"\\","2289":"n","2290":" ","2291":" ","2292":"s","2293":"e","2294":"t","2295":"u","2296":"p","2297":"(","2298":")","2299":" ","2300":"{","2301":"\\","2302":"n","2303":"\\","2304":"t","2305":"\\","2306":"t","2307":"c","2308":"o","2309":"n","2310":"s","2311":"t","2312":" ","2313":"a","2314":" ","2315":"=","2316":" ","2317":"r","2318":"e","2319":"f","2320":"(","2321":"n","2322":"u","2323":"l","2324":"l","2325":")","2326":"\\","2327":"n","2328":"\\","2329":"t","2330":"\\","2331":"t","2332":"c","2333":"o","2334":"n","2335":"s","2336":"t","2337":" ","2338":"b","2339":" ","2340":"=","2341":" ","2342":"r","2343":"e","2344":"f","2345":"(","2346":"n","2347":"u","2348":"l","2349":"l","2350":")","2351":"\\","2352":"n","2353":"\\","2354":"t","2355":"\\","2356":"t","2357":"c","2358":"o","2359":"n","2360":"s","2361":"t","2362":" ","2363":"c","2364":" ","2365":"=","2366":" ","2367":"r","2368":"e","2369":"f","2370":"(","2371":"n","2372":"u","2373":"l","2374":"l","2375":")","2376":"\\","2377":"n","2378":"\\","2379":"n","2380":"\\","2381":"t","2382":"\\","2383":"t","2384":"c","2385":"o","2386":"n","2387":"s","2388":"t","2389":" ","2390":"D","2391":" ","2392":"=","2393":" ","2394":"c","2395":"o","2396":"m","2397":"p","2398":"u","2399":"t","2400":"e","2401":"d","2402":"(","2403":"(","2404":")","2405":" ","2406":"=","2407":">","2408":" ","2409":"{","2410":"\\","2411":"n","2412":"\\","2413":"t","2414":"\\","2415":"t","2416":"\\","2417":"t","2418":"i","2419":"f","2420":" ","2421":"(","2422":"!","2423":"a","2424":".","2425":"v","2426":"a","2427":"l","2428":"u","2429":"e","2430":")","2431":" ","2432":"{","2433":"\\","2434":"n","2435":"\\","2436":"t","2437":"\\","2438":"t","2439":"\\","2440":"t","2441":"\\","2442":"t","2443":"r","2444":"e","2445":"t","2446":"u","2447":"r","2448":"n","2449":"\\","2450":"n","2451":"\\","2452":"t","2453":"\\","2454":"t","2455":"\\","2456":"t","2457":"}","2458":" ","2459":"e","2460":"l","2461":"s","2462":"e","2463":" ","2464":"{","2465":"\\","2466":"n","2467":"\\","2468":"t","2469":"\\","2470":"t","2471":"\\","2472":"t","2473":"\\","2474":"t","2475":"r","2476":"e","2477":"t","2478":"u","2479":"r","2480":"n","2481":" ","2482":"b","2483":".","2484":"v","2485":"a","2486":"l","2487":"u","2488":"e","2489":" ","2490":"*","2491":" ","2492":"b","2493":".","2494":"v","2495":"a","2496":"l","2497":"u","2498":"e","2499":" ","2500":"-","2501":" ","2502":"4","2503":" ","2504":"*","2505":" ","2506":"a","2507":".","2508":"v","2509":"a","2510":"l","2511":"u","2512":"e","2513":" ","2514":"*","2515":" ","2516":"c","2517":".","2518":"v","2519":"a","2520":"l","2521":"u","2522":"e","2523":"\\","2524":"n","2525":"\\","2526":"t","2527":"\\","2528":"t","2529":"\\","2530":"t","2531":"}","2532":"\\","2533":"n","2534":"\\","2535":"t","2536":"\\","2537":"t","2538":"}","2539":")","2540":"\\","2541":"n","2542":"\\","2543":"n","2544":"\\","2545":"t","2546":"\\","2547":"t","2548":"c","2549":"o","2550":"n","2551":"s","2552":"t","2553":" ","2554":"r","2555":"o","2556":"o","2557":"t","2558":"s","2559":" ","2560":"=","2561":" ","2562":"c","2563":"o","2564":"m","2565":"p","2566":"u","2567":"t","2568":"e","2569":"d","2570":"(","2571":"(","2572":")","2573":" ","2574":"=","2575":">","2576":" ","2577":"{","2578":"\\","2579":"n","2580":"\\","2581":"t","2582":"\\","2583":"t","2584":"\\","2585":"t","2586":"l","2587":"e","2588":"t","2589":" ","2590":"r","2591":"o","2592":"o","2593":"t","2594":"s","2595":" ","2596":"=","2597":" ","2598":"[","2599":"]","2600":"\\","2601":"n","2602":"\\","2603":"n","2604":"\\","2605":"t","2606":"\\","2607":"t","2608":"\\","2609":"t","2610":"i","2611":"f","2612":" ","2613":"(","2614":"a","2615":".","2616":"v","2617":"a","2618":"l","2619":"u","2620":"e","2621":" ","2622":"=","2623":"=","2624":"=","2625":" ","2626":"0","2627":" ","2628":"|","2629":"|","2630":" ","2631":"D","2632":".","2633":"v","2634":"a","2635":"l","2636":"u","2637":"e","2638":" ","2639":"<","2640":" ","2641":"0","2642":")","2643":" ","2644":"{","2645":"\\","2646":"n","2647":"\\","2648":"t","2649":"\\","2650":"t","2651":"\\","2652":"t","2653":"\\","2654":"t","2655":"r","2656":"e","2657":"t","2658":"u","2659":"r","2660":"n","2661":" ","2662":"r","2663":"o","2664":"o","2665":"t","2666":"s","2667":"\\","2668":"n","2669":"\\","2670":"t","2671":"\\","2672":"t","2673":"\\","2674":"t","2675":"}","2676":"\\","2677":"n","2678":"\\","2679":"n","2680":"\\","2681":"t","2682":"\\","2683":"t","2684":"\\","2685":"t","2686":"i","2687":"f","2688":" ","2689":"(","2690":"D","2691":".","2692":"v","2693":"a","2694":"l","2695":"u","2696":"e","2697":" ","2698":"=","2699":"=","2700":"=","2701":" ","2702":"0","2703":")","2704":" ","2705":"{","2706":"\\","2707":"n","2708":" ","2709":" ","2710":" ","2711":" ","2712":" ","2713":" ","2714":" ","2715":" ","2716":"r","2717":"o","2718":"o","2719":"t","2720":"s","2721":".","2722":"p","2723":"u","2724":"s","2725":"h","2726":"(","2727":"(","2728":"-","2729":"b","2730":".","2731":"v","2732":"a","2733":"l","2734":"u","2735":"e","2736":" ","2737":"+","2738":" ","2739":"M","2740":"a","2741":"t","2742":"h","2743":".","2744":"s","2745":"q","2746":"r","2747":"t","2748":"(","2749":"D","2750":".","2751":"v","2752":"a","2753":"l","2754":"u","2755":"e","2756":")","2757":")","2758":" ","2759":"/","2760":" ","2761":"(","2762":"2","2763":" ","2764":"*","2765":" ","2766":"a","2767":".","2768":"v","2769":"a","2770":"l","2771":"u","2772":"e","2773":")","2774":")","2775":"\\","2776":"n","2777":"\\","2778":"t","2779":"\\","2780":"t","2781":"\\","2782":"t","2783":"}","2784":" ","2785":"e","2786":"l","2787":"s","2788":"e","2789":" ","2790":"i","2791":"f","2792":" ","2793":"(","2794":"D","2795":".","2796":"v","2797":"a","2798":"l","2799":"u","2800":"e","2801":" ","2802":">","2803":" ","2804":"0","2805":")","2806":" ","2807":"{","2808":"\\","2809":"n","2810":" ","2811":" ","2812":" ","2813":" ","2814":" ","2815":" ","2816":" ","2817":" ","2818":"r","2819":"o","2820":"o","2821":"t","2822":"s","2823":".","2824":"p","2825":"u","2826":"s","2827":"h","2828":"(","2829":"(","2830":"-","2831":"b","2832":".","2833":"v","2834":"a","2835":"l","2836":"u","2837":"e","2838":" ","2839":"+","2840":" ","2841":"M","2842":"a","2843":"t","2844":"h","2845":".","2846":"s","2847":"q","2848":"r","2849":"t","2850":"(","2851":"D","2852":".","2853":"v","2854":"a","2855":"l","2856":"u","2857":"e","2858":")","2859":")","2860":" ","2861":"/","2862":" ","2863":"(","2864":"2","2865":" ","2866":"*","2867":" ","2868":"a","2869":".","2870":"v","2871":"a","2872":"l","2873":"u","2874":"e","2875":")","2876":")","2877":"\\","2878":"n","2879":" ","2880":" ","2881":" ","2882":" ","2883":" ","2884":" ","2885":" ","2886":" ","2887":"r","2888":"o","2889":"o","2890":"t","2891":"s","2892":".","2893":"p","2894":"u","2895":"s","2896":"h","2897":"(","2898":"(","2899":"-","2900":"b","2901":".","2902":"v","2903":"a","2904":"l","2905":"u","2906":"e","2907":" ","2908":"-","2909":" ","2910":"M","2911":"a","2912":"t","2913":"h","2914":".","2915":"s","2916":"q","2917":"r","2918":"t","2919":"(","2920":"D","2921":".","2922":"v","2923":"a","2924":"l","2925":"u","2926":"e","2927":")","2928":")","2929":" ","2930":"/","2931":" ","2932":"(","2933":"2","2934":" ","2935":"*","2936":" ","2937":"a","2938":".","2939":"v","2940":"a","2941":"l","2942":"u","2943":"e","2944":")","2945":")","2946":"\\","2947":"n","2948":"\\","2949":"t","2950":"\\","2951":"t","2952":"\\","2953":"t","2954":"}","2955":"\\","2956":"n","2957":"\\","2958":"n","2959":"\\","2960":"t","2961":"\\","2962":"t","2963":"\\","2964":"t","2965":"r","2966":"e","2967":"t","2968":"u","2969":"r","2970":"n","2971":" ","2972":"r","2973":"o","2974":"o","2975":"t","2976":"s","2977":"\\","2978":"n","2979":"\\","2980":"t","2981":"\\","2982":"t","2983":"}","2984":")","2985":"\\","2986":"n","2987":"\\","2988":"t","2989":"\\","2990":"t","2991":"\\","2992":"n","2993":"\\","2994":"t","2995":"\\","2996":"t","2997":"r","2998":"e","2999":"t","3000":"u","3001":"r","3002":"n","3003":" ","3004":"{","3005":"\\","3006":"n","3007":"\\","3008":"t","3009":"\\","3010":"t","3011":"\\","3012":"t","3013":"a","3014":",","3015":" ","3016":"\\","3017":"n","3018":"\\","3019":"t","3020":"\\","3021":"t","3022":"\\","3023":"t","3024":"b","3025":",","3026":" ","3027":"\\","3028":"n","3029":"\\","3030":"t","3031":"\\","3032":"t","3033":"\\","3034":"t","3035":"c","3036":",","3037":" ","3038":"\\","3039":"n","3040":"\\","3041":"t","3042":"\\","3043":"t","3044":"\\","3045":"t","3046":"D","3047":",","3048":" ","3049":"\\","3050":"n","3051":"\\","3052":"t","3053":"\\","3054":"t","3055":"\\","3056":"t","3057":"r","3058":"o","3059":"o","3060":"t","3061":"s","3062":"\\","3063":"n","3064":"\\","3065":"t","3066":"\\","3067":"t","3068":"}","3069":"\\","3070":"n","3071":" ","3072":" ","3073":"}","3074":"\\","3075":"n","3076":"}","3077":"\\","3078":"n","3079":"<","3080":"/","3081":"s","3082":"c","3083":"r","3084":"i","3085":"p","3086":"t","3087":">","3088":"\\","3089":"n","3090":"\\","3091":"n","3092":"<","3093":"s","3094":"t","3095":"y","3096":"l","3097":"e","3098":">","3099":"\\","3100":"n","3101":".","3102":"e","3103":"q","3104":"u","3105":"a","3106":"t","3107":"i","3108":"o","3109":"n","3110":"-","3111":"f","3112":"o","3113":"r","3114":"m","3115":" ","3116":"{","3117":"\\","3118":"n","3119":"\\","3120":"t","3121":"d","3122":"i","3123":"s","3124":"p","3125":"l","3126":"a","3127":"y","3128":":","3129":" ","3130":"b","3131":"l","3132":"o","3133":"c","3134":"k","3135":";","3136":"\\","3137":"n","3138":"\\","3139":"t","3140":"p","3141":"a","3142":"d","3143":"d","3144":"i","3145":"n","3146":"g","3147":":","3148":" ","3149":"1","3150":"6","3151":"p","3152":"x","3153":";","3154":"\\","3155":"n","3156":"\\","3157":"t","3158":"b","3159":"o","3160":"x","3161":"-","3162":"s","3163":"h","3164":"a","3165":"d","3166":"o","3167":"w","3168":":","3169":" ","3170":"r","3171":"g","3172":"b","3173":"a","3174":"(","3175":"0","3176":",","3177":" ","3178":"0","3179":",","3180":" ","3181":"0","3182":",","3183":" ","3184":"0","3185":".","3186":"1","3187":"2","3188":")","3189":" ","3190":"0","3191":"p","3192":"x","3193":" ","3194":"1","3195":"p","3196":"x","3197":" ","3198":"3","3199":"p","3200":"x","3201":",","3202":" ","3203":"r","3204":"g","3205":"b","3206":"a","3207":"(","3208":"0","3209":",","3210":" ","3211":"0","3212":",","3213":" ","3214":"0","3215":",","3216":" ","3217":"0","3218":".","3219":"2","3220":"4","3221":")","3222":" ","3223":"0","3224":"p","3225":"x","3226":" ","3227":"1","3228":"p","3229":"x","3230":" ","3231":"2","3232":"p","3233":"x","3234":";","3235":"\\","3236":"n","3237":"\\","3238":"t","3239":"b","3240":"o","3241":"r","3242":"d","3243":"e","3244":"r","3245":"-","3246":"r","3247":"a","3248":"d","3249":"i","3250":"u","3251":"s","3252":":","3253":" ","3254":"4","3255":"p","3256":"x","3257":";","3258":"\\","3259":"n","3260":"\\","3261":"t","3262":"f","3263":"o","3264":"n","3265":"t","3266":"-","3267":"s","3268":"i","3269":"z","3270":"e","3271":":","3272":" ","3273":"2","3274":"4","3275":"p","3276":"x","3277":";","3278":"\\","3279":"n","3280":"\\","3281":"t","3282":"f","3283":"o","3284":"n","3285":"t","3286":"-","3287":"w","3288":"e","3289":"i","3290":"g","3291":"h","3292":"t","3293":":","3294":" ","3295":"b","3296":"o","3297":"l","3298":"d","3299":";","3300":"\\","3301":"n","3302":"}","3303":"\\","3304":"n","3305":"\\","3306":"n","3307":".","3308":"e","3309":"q","3310":"u","3311":"a","3312":"t","3313":"i","3314":"o","3315":"n","3316":"-","3317":"f","3318":"o","3319":"r","3320":"m","3321":"_","3322":"_","3323":"i","3324":"n","3325":"p","3326":"u","3327":"t","3328":" ","3329":"{","3330":"\\","3331":"n","3332":"\\","3333":"t","3334":"h","3335":"e","3336":"i","3337":"g","3338":"h","3339":"t","3340":":","3341":" ","3342":"4","3343":"8","3344":"p","3345":"x","3346":";","3347":"\\","3348":"n","3349":"\\","3350":"t","3351":"w","3352":"i","3353":"d","3354":"t","3355":"h","3356":":","3357":" ","3358":"9","3359":"6","3360":"p","3361":"x","3362":";","3363":"\\","3364":"n","3365":"\\","3366":"t","3367":"b","3368":"o","3369":"r","3370":"d","3371":"e","3372":"r","3373":":","3374":" ","3375":"2","3376":"p","3377":"x","3378":" ","3379":"d","3380":"a","3381":"s","3382":"h","3383":"e","3384":"d","3385":" ","3386":"#","3387":"3","3388":"5","3389":"5","3390":"C","3391":"7","3392":"D","3393":";","3394":"\\","3395":"n","3396":"\\","3397":"t","3398":"b","3399":"o","3400":"r","3401":"d","3402":"e","3403":"r","3404":"-","3405":"r","3406":"a","3407":"d","3408":"i","3409":"u","3410":"s","3411":":","3412":" ","3413":"4","3414":"p","3415":"x","3416":";","3417":"\\","3418":"n","3419":"\\","3420":"t","3421":"b","3422":"a","3423":"c","3424":"k","3425":"g","3426":"r","3427":"o","3428":"u","3429":"n","3430":"d","3431":"-","3432":"c","3433":"o","3434":"l","3435":"o","3436":"r","3437":":","3438":" ","3439":"w","3440":"h","3441":"i","3442":"t","3443":"e","3444":";","3445":"\\","3446":"n","3447":"\\","3448":"t","3449":"t","3450":"e","3451":"x","3452":"t","3453":"-","3454":"a","3455":"l","3456":"i","3457":"g","3458":"n","3459":":","3460":" ","3461":"c","3462":"e","3463":"n","3464":"t","3465":"e","3466":"r","3467":";","3468":"\\","3469":"n","3470":"}","3471":"\\","3472":"n","3473":"\\","3474":"n","3475":".","3476":"e","3477":"q","3478":"u","3479":"a","3480":"t","3481":"i","3482":"o","3483":"n","3484":"-","3485":"r","3486":"e","3487":"s","3488":"u","3489":"l","3490":"t","3491":"s","3492":" ","3493":"{","3494":"\\","3495":"n","3496":"\\","3497":"t","3498":"f","3499":"o","3500":"n","3501":"t","3502":"-","3503":"s","3504":"i","3505":"z","3506":"e","3507":":","3508":" ","3509":"2","3510":"4","3511":"p","3512":"x","3513":";","3514":"\\","3515":"n","3516":"\\","3517":"t","3518":"f","3519":"o","3520":"n","3521":"t","3522":"-","3523":"w","3524":"e","3525":"i","3526":"g","3527":"h","3528":"t","3529":":","3530":" ","3531":"b","3532":"o","3533":"l","3534":"d","3535":";","3536":"\\","3537":"n","3538":"\\","3539":"t","3540":"m","3541":"a","3542":"r","3543":"g","3544":"i","3545":"n","3546":"-","3547":"t","3548":"o","3549":"p","3550":":","3551":" ","3552":"2","3553":"4","3554":"p","3555":"x","3556":";","3557":"\\","3558":"n","3559":"}","3560":"\\","3561":"n","3562":"<","3563":"/","3564":"s","3565":"t","3566":"y","3567":"l","3568":"e","3569":">","3570":"\"","3571":"]","3572":"}"},"_coverageSchema":"1a1c01bbd47fc00a2c39e90264f33305004495a9","hash":"128ae50926b263b1588ad758f22475b1cc1a1e60"}
}
