TN:
SF:src/components/QuadraticEquation.vue
FN:101,render
FN:106,(anonymous_1)
FN:111,(anonymous_2)
FN:116,(anonymous_3)
FNF:4
FNH:4
FNDA:32,render
FNDA:8,(anonymous_1)
FNDA:8,(anonymous_2)
FNDA:8,(anonymous_3)
DA:4,1
DA:7,1
DA:8,1
DA:79,1
DA:81,1
DA:84,1
DA:85,1
DA:86,1
DA:89,1
DA:92,1
DA:95,1
DA:98,1
DA:102,32
DA:106,8
DA:111,8
DA:116,8
DA:118,1
LF:17
LH:17
BRDA:106,0,0,32
BRDA:106,0,1,8
BRDA:111,1,0,32
BRDA:111,1,1,8
BRDA:116,2,0,32
BRDA:116,2,1,8
BRDA:117,3,0,21
BRDA:117,3,1,11
BRDA:117,4,0,32
BRDA:117,4,1,23
BRDA:117,5,0,19
BRDA:117,5,1,13
BRF:12
BRH:12
end_of_record
